<?xml version="1.0" encoding="UTF-8"?>
<!-- Generated by org.testng.reporters.JUnitReportReporter -->
<testsuite hostname="DESKTOP-CM6P7O3" failures="0" tests="1" name="eCommerceWebSites.Ajio" time="26.919" errors="0" timestamp="2023-07-27T13:01:07 IST" skipped="0">
  <testcase classname="eCommerceWebSites.Ajio" name="ajioTest" time="26.919"/>
  <system-out>
    <![CDATA[Opening Ajio]]>
  </system-out>
</testsuite> <!-- eCommerceWebSites.Ajio -->
