<?xml version="1.0" encoding="UTF-8"?>
<!-- Generated by org.testng.reporters.JUnitReportReporter -->
<testsuite hostname="DESKTOP-CM6P7O3" failures="0" tests="1" name="eCommerceWebSites.Flipkart" time="24.047" errors="0" timestamp="2023-07-27T13:01:07 IST" skipped="0">
  <testcase classname="eCommerceWebSites.Flipkart" name="flipTest" time="24.047"/>
  <system-out>
    <![CDATA[Opening Flipkart]]>
  </system-out>
</testsuite> <!-- eCommerceWebSites.Flipkart -->
